<?xml version="1.0" encoding="UTF-8"?>
<!-- Generated by org.testng.reporters.JUnitReportReporter -->
<testsuite skipped="0" hostname="MUM-H6X1N62" name="com.cucumber.bhsibase.runner.TestRunner" tests="1" failures="0" timestamp="02 Jan 2018 11:47:16 GMT" time="141.551" errors="0">
  <testcase name="feature" time="141.551" classname="com.cucumber.bhsibase.runner.TestRunner"/>
</testsuite> <!-- com.cucumber.bhsibase.runner.TestRunner -->
